Determining if the pthread_create exist failed with the following output:
Change Dir: /home/pyp/face_app/face_platform/cmake-build-debug/CMakeFiles/CMakeTmp

Run Build Command:"/usr/bin/make" "cmTC_ad1bb/fast"
/usr/bin/make -f CMakeFiles/cmTC_ad1bb.dir/build.make CMakeFiles/cmTC_ad1bb.dir/build
make[1]: Entering directory '/home/pyp/face_app/face_platform/cmake-build-debug/CMakeFiles/CMakeTmp'
Building C object CMakeFiles/cmTC_ad1bb.dir/CheckSymbolExists.c.o
/usr/bin/cc   -fPIC    -o CMakeFiles/cmTC_ad1bb.dir/CheckSymbolExists.c.o   -c /home/pyp/face_app/face_platform/cmake-build-debug/CMakeFiles/CMakeTmp/CheckSymbolExists.c
Linking C executable cmTC_ad1bb
/home/pyp/clion-2018.1.2/bin/cmake/bin/cmake -E cmake_link_script CMakeFiles/cmTC_ad1bb.dir/link.txt --verbose=1
/usr/bin/cc -fPIC     CMakeFiles/cmTC_ad1bb.dir/CheckSymbolExists.c.o  -o cmTC_ad1bb 
CMakeFiles/cmTC_ad1bb.dir/CheckSymbolExists.c.o：在函数‘main’中：
CheckSymbolExists.c:(.text+0x1b)：对‘pthread_create’未定义的引用
collect2: error: ld returned 1 exit status
CMakeFiles/cmTC_ad1bb.dir/build.make:97: recipe for target 'cmTC_ad1bb' failed
make[1]: *** [cmTC_ad1bb] Error 1
make[1]: Leaving directory '/home/pyp/face_app/face_platform/cmake-build-debug/CMakeFiles/CMakeTmp'
Makefile:126: recipe for target 'cmTC_ad1bb/fast' failed
make: *** [cmTC_ad1bb/fast] Error 2

File /home/pyp/face_app/face_platform/cmake-build-debug/CMakeFiles/CMakeTmp/CheckSymbolExists.c:
/* */
#include <pthread.h>

int main(int argc, char** argv)
{
  (void)argv;
#ifndef pthread_create
  return ((int*)(&pthread_create))[argc];
#else
  (void)argc;
  return 0;
#endif
}

Determining if the function pthread_create exists in the pthreads failed with the following output:
Change Dir: /home/pyp/face_app/face_platform/cmake-build-debug/CMakeFiles/CMakeTmp

Run Build Command:"/usr/bin/make" "cmTC_b46cb/fast"
/usr/bin/make -f CMakeFiles/cmTC_b46cb.dir/build.make CMakeFiles/cmTC_b46cb.dir/build
make[1]: Entering directory '/home/pyp/face_app/face_platform/cmake-build-debug/CMakeFiles/CMakeTmp'
Building C object CMakeFiles/cmTC_b46cb.dir/CheckFunctionExists.c.o
/usr/bin/cc   -fPIC -DCHECK_FUNCTION_EXISTS=pthread_create   -o CMakeFiles/cmTC_b46cb.dir/CheckFunctionExists.c.o   -c /home/pyp/clion-2018.1.2/bin/cmake/share/cmake-3.10/Modules/CheckFunctionExists.c
Linking C executable cmTC_b46cb
/home/pyp/clion-2018.1.2/bin/cmake/bin/cmake -E cmake_link_script CMakeFiles/cmTC_b46cb.dir/link.txt --verbose=1
/usr/bin/cc -fPIC -DCHECK_FUNCTION_EXISTS=pthread_create    CMakeFiles/cmTC_b46cb.dir/CheckFunctionExists.c.o  -o cmTC_b46cb -lpthreads 
/usr/bin/ld: 找不到 -lpthreads
collect2: error: ld returned 1 exit status
CMakeFiles/cmTC_b46cb.dir/build.make:97: recipe for target 'cmTC_b46cb' failed
make[1]: *** [cmTC_b46cb] Error 1
make[1]: Leaving directory '/home/pyp/face_app/face_platform/cmake-build-debug/CMakeFiles/CMakeTmp'
Makefile:126: recipe for target 'cmTC_b46cb/fast' failed
make: *** [cmTC_b46cb/fast] Error 2


