Determining if the pthread_create exist failed with the following output:
Change Dir: /home/pyp/face_app/face_platform/CMakeFiles/CMakeTmp

Run Build Command:"/usr/bin/make" "cmTC_1aa34/fast"
/usr/bin/make -f CMakeFiles/cmTC_1aa34.dir/build.make CMakeFiles/cmTC_1aa34.dir/build
make[1]: Entering directory '/home/pyp/face_app/face_platform/CMakeFiles/CMakeTmp'
Building C object CMakeFiles/cmTC_1aa34.dir/CheckSymbolExists.c.o
/usr/bin/cc   -fPIC    -o CMakeFiles/cmTC_1aa34.dir/CheckSymbolExists.c.o   -c /home/pyp/face_app/face_platform/CMakeFiles/CMakeTmp/CheckSymbolExists.c
Linking C executable cmTC_1aa34
/home/pyp/clion-2018.1.2/bin/cmake/bin/cmake -E cmake_link_script CMakeFiles/cmTC_1aa34.dir/link.txt --verbose=1
/usr/bin/cc -fPIC     CMakeFiles/cmTC_1aa34.dir/CheckSymbolExists.c.o  -o cmTC_1aa34 
CMakeFiles/cmTC_1aa34.dir/CheckSymbolExists.c.o：在函数‘main’中：
CheckSymbolExists.c:(.text+0x1b)：对‘pthread_create’未定义的引用
collect2: error: ld returned 1 exit status
CMakeFiles/cmTC_1aa34.dir/build.make:97: recipe for target 'cmTC_1aa34' failed
make[1]: *** [cmTC_1aa34] Error 1
make[1]: Leaving directory '/home/pyp/face_app/face_platform/CMakeFiles/CMakeTmp'
Makefile:126: recipe for target 'cmTC_1aa34/fast' failed
make: *** [cmTC_1aa34/fast] Error 2

File /home/pyp/face_app/face_platform/CMakeFiles/CMakeTmp/CheckSymbolExists.c:
/* */
#include <pthread.h>

int main(int argc, char** argv)
{
  (void)argv;
#ifndef pthread_create
  return ((int*)(&pthread_create))[argc];
#else
  (void)argc;
  return 0;
#endif
}

Determining if the function pthread_create exists in the pthreads failed with the following output:
Change Dir: /home/pyp/face_app/face_platform/CMakeFiles/CMakeTmp

Run Build Command:"/usr/bin/make" "cmTC_7705e/fast"
/usr/bin/make -f CMakeFiles/cmTC_7705e.dir/build.make CMakeFiles/cmTC_7705e.dir/build
make[1]: Entering directory '/home/pyp/face_app/face_platform/CMakeFiles/CMakeTmp'
Building C object CMakeFiles/cmTC_7705e.dir/CheckFunctionExists.c.o
/usr/bin/cc   -fPIC -DCHECK_FUNCTION_EXISTS=pthread_create   -o CMakeFiles/cmTC_7705e.dir/CheckFunctionExists.c.o   -c /home/pyp/clion-2018.1.2/bin/cmake/share/cmake-3.10/Modules/CheckFunctionExists.c
Linking C executable cmTC_7705e
/home/pyp/clion-2018.1.2/bin/cmake/bin/cmake -E cmake_link_script CMakeFiles/cmTC_7705e.dir/link.txt --verbose=1
/usr/bin/cc -fPIC -DCHECK_FUNCTION_EXISTS=pthread_create    CMakeFiles/cmTC_7705e.dir/CheckFunctionExists.c.o  -o cmTC_7705e -lpthreads 
/usr/bin/ld: 找不到 -lpthreads
collect2: error: ld returned 1 exit status
CMakeFiles/cmTC_7705e.dir/build.make:97: recipe for target 'cmTC_7705e' failed
make[1]: *** [cmTC_7705e] Error 1
make[1]: Leaving directory '/home/pyp/face_app/face_platform/CMakeFiles/CMakeTmp'
Makefile:126: recipe for target 'cmTC_7705e/fast' failed
make: *** [cmTC_7705e/fast] Error 2


